[    0.000000] Initializing cgroup subsys cpuset
[    0.000000] Initializing cgroup subsys cpu
[    0.000000] Initializing cgroup subsys cpuacct
[    0.000000] Linux version 4.4.0-210-generic (buildd@lgw01-amd64-009) (gcc version 5.4.0 20160609 (Ubuntu 5.4.0-6ubuntu1~16.04.12) ) #242-Ubuntu SMP Fri Apr 16 09:57:56 UTC 2021 (Ubuntu 4.4.0-210.242-generic 4.4.262)
[    0.000000] Command line: BOOT_IMAGE=/boot/vmlinuz-4.4.0-210-generic root=LABEL=cloudimg-rootfs ro console=tty1 console=ttyS0
[    0.000000] KERNEL supported cpus:
[    0.000000]   Intel GenuineIntel
[    0.000000]   AMD AuthenticAMD
[    0.000000]   Centaur CentaurHauls
[    0.000000] x86/fpu: Legacy x87 FPU detected.
[    0.000000] e820: BIOS-provided physical RAM map:
[    0.000000] BIOS-e820: [mem 0x0000000000000000-0x000000000009fbff] usable
[    0.000000] BIOS-e820: [mem 0x000000000009fc00-0x000000000009ffff] reserved
[    0.000000] BIOS-e820: [mem 0x00000000000f0000-0x00000000000fffff] reserved
[    0.000000] BIOS-e820: [mem 0x0000000000100000-0x000000003ffeffff] usable
[    0.000000] BIOS-e820: [mem 0x000000003fff0000-0x000000003fffffff] ACPI data
[    0.000000] BIOS-e820: [mem 0x00000000fec00000-0x00000000fec00fff] reserved
[    0.000000] BIOS-e820: [mem 0x00000000fee00000-0x00000000fee00fff] reserved
[    0.000000] BIOS-e820: [mem 0x00000000fffc0000-0x00000000ffffffff] reserved
[    0.000000] NX (Execute Disable) protection: active
[    0.000000] SMBIOS 2.5 present.
[    0.000000] Hypervisor detected: KVM
[    0.000000] e820: last_pfn = 0x3fff0 max_arch_pfn = 0x400000000
[    0.000000] MTRR: Disabled
[    0.000000] x86/PAT: MTRRs disabled, skipping PAT initialization too.
[    0.000000] CPU MTRRs all blank - virtualized system.
[    0.000000] x86/PAT: Configuration [0-7]: WB  WT  UC- UC  WB  WT  UC- UC  
[    0.000000] found SMP MP-table at [mem 0x0009fff0-0x0009ffff] mapped at [ffff88000009fff0]
[    0.000000] Scanning 1 areas for low memory corruption
[    0.000000] RAMDISK: [mem 0x362dc000-0x37165fff]
[    0.000000] ACPI: Early table checksum verification disabled
[    0.000000] ACPI: RSDP 0x00000000000E0000 000024 (v02 VBOX  )
[    0.000000] ACPI: XSDT 0x000000003FFF0030 00003C (v01 VBOX   VBOXXSDT 00000001 ASL  00000061)
[    0.000000] ACPI: FACP 0x000000003FFF00F0 0000F4 (v04 VBOX   VBOXFACP 00000001 ASL  00000061)
[    0.000000] ACPI: DSDT 0x000000003FFF0470 002325 (v02 VBOX   VBOXBIOS 00000002 INTL 20100528)
[    0.000000] ACPI: FACS 0x000000003FFF0200 000040
[    0.000000] ACPI: FACS 0x000000003FFF0200 000040
[    0.000000] ACPI: APIC 0x000000003FFF0240 00005C (v02 VBOX   VBOXAPIC 00000001 ASL  00000061)
[    0.000000] ACPI: SSDT 0x000000003FFF02A0 0001CC (v01 VBOX   VBOXCPUT 00000002 INTL 20100528)
[    0.000000] No NUMA configuration found
[    0.000000] Faking a node at [mem 0x0000000000000000-0x000000003ffeffff]
[    0.000000] NODE_DATA(0) allocated [mem 0x3ffeb000-0x3ffeffff]
[    0.000000] kvm-clock: Using msrs 4b564d01 and 4b564d00
[    0.000000] kvm-clock: cpu 0, msr 0:3ffe3001, primary cpu clock
[    0.000000] kvm-clock: using sched offset of 4208894060 cycles
[    0.000000] clocksource: kvm-clock: mask: 0xffffffffffffffff max_cycles: 0x1cd42e4dffb, max_idle_ns: 881590591483 ns
[    0.000000] Zone ranges:
[    0.000000]   DMA      [mem 0x0000000000001000-0x0000000000ffffff]
[    0.000000]   DMA32    [mem 0x0000000001000000-0x000000003ffeffff]
[    0.000000]   Normal   empty
[    0.000000]   Device   empty
[    0.000000] Movable zone start for each node
[    0.000000] Early memory node ranges
[    0.000000]   node   0: [mem 0x0000000000001000-0x000000000009efff]
[    0.000000]   node   0: [mem 0x0000000000100000-0x000000003ffeffff]
[    0.000000] Initmem setup node 0 [mem 0x0000000000001000-0x000000003ffeffff]
[    0.000000] ACPI: PM-Timer IO Port: 0x4008
[    0.000000] IOAPIC[0]: apic_id 2, version 32, address 0xfec00000, GSI 0-23
[    0.000000] ACPI: INT_SRC_OVR (bus 0 bus_irq 0 global_irq 2 dfl dfl)
[    0.000000] ACPI: INT_SRC_OVR (bus 0 bus_irq 9 global_irq 9 low level)
[    0.000000] Using ACPI (MADT) for SMP configuration information
[    0.000000] smpboot: Allowing 2 CPUs, 0 hotplug CPUs
[    0.000000] PM: Registered nosave memory: [mem 0x00000000-0x00000fff]
[    0.000000] PM: Registered nosave memory: [mem 0x0009f000-0x0009ffff]
[    0.000000] PM: Registered nosave memory: [mem 0x000a0000-0x000effff]
[    0.000000] PM: Registered nosave memory: [mem 0x000f0000-0x000fffff]
[    0.000000] e820: [mem 0x40000000-0xfebfffff] available for PCI devices
[    0.000000] Booting paravirtualized kernel on KVM
[    0.000000] clocksource: refined-jiffies: mask: 0xffffffff max_cycles: 0xffffffff, max_idle_ns: 7645519600211568 ns
[    0.000000] setup_percpu: NR_CPUS:512 nr_cpumask_bits:512 nr_cpu_ids:2 nr_node_ids:1
[    0.000000] PERCPU: Embedded 33 pages/cpu @ffff88003fc00000 s95192 r8192 d31784 u1048576
[    0.000000] Built 1 zonelists in Node order, mobility grouping on.  Total pages: 257912
[    0.000000] Policy zone: DMA32
[    0.000000] Kernel command line: BOOT_IMAGE=/boot/vmlinuz-4.4.0-210-generic root=LABEL=cloudimg-rootfs ro console=tty1 console=ttyS0
[    0.000000] PID hash table entries: 4096 (order: 3, 32768 bytes)
[    0.000000] Memory: 997792K/1048120K available (8644K kernel code, 1332K rwdata, 4044K rodata, 1492K init, 1164K bss, 50328K reserved, 0K cma-reserved)
[    0.000000] SLUB: HWalign=64, Order=0-3, MinObjects=0, CPUs=2, Nodes=1
[    0.000000] Kernel/User page tables isolation: enabled
[    0.000000] Hierarchical RCU implementation.
[    0.000000] 	Build-time adjustment of leaf fanout to 64.
[    0.000000] 	RCU restricting CPUs from NR_CPUS=512 to nr_cpu_ids=2.
[    0.000000] RCU: Adjusting geometry for rcu_fanout_leaf=64, nr_cpu_ids=2
[    0.000000] NR_IRQS:33024 nr_irqs:440 16
[    0.000000] Console: colour VGA+ 80x25
[    0.000000] console [tty1] enabled
[    0.000000] console [ttyS0] enabled
[    0.000000] tsc: Detected 2495.998 MHz processor
[    0.846538] Calibrating delay loop (skipped) preset value.. 4991.99 BogoMIPS (lpj=9983992)
[    0.859333] pid_max: default: 32768 minimum: 301
[    0.869210] ACPI: Core revision 20150930
[    0.876196] ACPI: 2 ACPI AML tables successfully acquired and loaded
[    0.888593] Security Framework initialized
[    0.894585] Yama: becoming mindful.
[    0.901464] AppArmor: AppArmor initialized
[    0.908928] Dentry cache hash table entries: 131072 (order: 8, 1048576 bytes)
[    0.927962] Inode-cache hash table entries: 65536 (order: 7, 524288 bytes)
[    0.944948] Mount-cache hash table entries: 2048 (order: 2, 16384 bytes)
[    0.959101] Mountpoint-cache hash table entries: 2048 (order: 2, 16384 bytes)
[    0.972482] Initializing cgroup subsys io
[    0.980404] Initializing cgroup subsys memory
[    0.989116] Initializing cgroup subsys devices
[    1.000521] Initializing cgroup subsys freezer
[    1.011963] Initializing cgroup subsys net_cls
[    1.021164] Initializing cgroup subsys perf_event
[    1.027461] Initializing cgroup subsys net_prio
[    1.038428] Initializing cgroup subsys hugetlb
[    1.048146] Initializing cgroup subsys pids
[    1.059324] mce: CPU supports 0 MCE banks
[    1.069023] Last level iTLB entries: 4KB 128, 2MB 8, 4MB 8
[    1.079235] Last level dTLB entries: 4KB 64, 2MB 0, 4MB 0, 1GB 4
[    1.093158] Spectre V1 : Mitigation: usercopy/swapgs barriers and __user pointer sanitization
[    1.109587] Spectre V2 : Mitigation: Full generic retpoline
[    1.120120] Spectre V2 : Spectre v2 / SpectreRSB mitigation: Filling RSB on context switch
[    1.136687] Speculative Store Bypass: Vulnerable
[    1.144458] MDS: Mitigation: Clear CPU buffers
[    1.209377] Freeing SMP alternatives memory: 36K
[    1.350605] ftrace: allocating 32380 entries in 127 pages
[    2.258456] smpboot: APIC(0) Converting physical 0 to logical package 0
[    2.275012] smpboot: Max logical packages: 1
[    2.308647] ..TIMER: vector=0x30 apic1=0 pin1=2 apic2=-1 pin2=-1
[    2.428973] smpboot: CPU0: Intel(R) Core(TM) i5-6500T CPU @ 2.50GHz (family: 0x6, model: 0x5e, stepping: 0x3)
[    2.449925] Performance Events: unsupported p6 CPU model 94 no PMU driver, software events only.
[    2.599448] KVM setup paravirtual spinlock
[    2.611221] x86: Booting SMP configuration:
[    2.619274] .... node  #0, CPUs:      #1
[    2.629623] kvm-clock: cpu 1, msr 0:3ffe3041, secondary cpu clock
[    2.636665] mce: CPU supports 0 MCE banks
[    2.641461] TSC synchronization [CPU#0 -> CPU#1]:
[    2.647777] Measured 66582 cycles TSC warp between CPUs, turning off TSC clock.
[    2.657534] tsc: Marking TSC unstable due to check_tsc_sync_source failed
[    0.702134] x86: Booted up 1 node, 2 CPUs
[    0.704007] smpboot: Total of 2 processors activated (9983.99 BogoMIPS)
[    0.713212] devtmpfs: initialized
[    0.718436] evm: security.selinux
[    0.720010] evm: security.SMACK64
[    0.724004] evm: security.SMACK64EXEC
[    0.728003] evm: security.SMACK64TRANSMUTE
[    0.732005] evm: security.SMACK64MMAP
[    0.736002] evm: security.ima
[    0.740002] evm: security.capability
[    0.744513] clocksource: jiffies: mask: 0xffffffff max_cycles: 0xffffffff, max_idle_ns: 7645041785100000 ns
[    0.748012] futex hash table entries: 512 (order: 3, 32768 bytes)
[    0.752463] pinctrl core: initialized pinctrl subsystem
[    0.756485] RTC time:  9:06:43, date: 12/01/22
[    0.761204] NET: Registered protocol family 16
[    0.776022] cpuidle: using governor ladder
[    0.792015] cpuidle: using governor menu
[    0.796242] PCCT header not found.
[    0.800211] ACPI: bus type PCI registered
[    0.804006] acpiphp: ACPI Hot Plug PCI Controller Driver version: 0.5
[    0.812490] PCI: Using configuration type 1 for base access
[    0.832669] ACPI: Added _OSI(Module Device)
[    0.836006] ACPI: Added _OSI(Processor Device)
[    0.840003] ACPI: Added _OSI(3.0 _SCP Extensions)
[    0.844003] ACPI: Added _OSI(Processor Aggregator Device)
[    0.854445] ACPI: Executed 1 blocks of module-level executable AML code
[    0.867166] ACPI: Interpreter enabled
[    0.868013] ACPI: (supports S0 S5)
[    0.872004] ACPI: Using IOAPIC for interrupt routing
[    0.876650] PCI: Using host bridge windows from ACPI; if necessary, use "pci=nocrs" and report a bug
[    0.892949] ACPI: PCI Root Bridge [PCI0] (domain 0000 [bus 00-ff])
[    0.896007] acpi PNP0A03:00: _OSC: OS supports [ASPM ClockPM Segments MSI]
[    0.900951] acpi PNP0A03:00: _OSC: not requesting OS control; OS requires [ExtendedConfig ASPM ClockPM MSI]
[    0.904012] acpi PNP0A03:00: fail to add MMCONFIG information, can't access extended PCI configuration space under this bridge.
[    0.909341] PCI host bridge to bus 0000:00
[    0.912009] pci_bus 0000:00: root bus resource [io  0x0000-0x0cf7 window]
[    0.916011] pci_bus 0000:00: root bus resource [io  0x0d00-0xffff window]
[    0.920011] pci_bus 0000:00: root bus resource [mem 0x000a0000-0x000bffff window]
[    0.924011] pci_bus 0000:00: root bus resource [mem 0x40000000-0xfdffffff window]
[    0.928012] pci_bus 0000:00: root bus resource [bus 00-ff]
[    0.946271] pci 0000:00:01.1: legacy IDE quirk: reg 0x10: [io  0x01f0-0x01f7]
[    0.948014] pci 0000:00:01.1: legacy IDE quirk: reg 0x14: [io  0x03f6]
[    0.952006] pci 0000:00:01.1: legacy IDE quirk: reg 0x18: [io  0x0170-0x0177]
[    0.956009] pci 0000:00:01.1: legacy IDE quirk: reg 0x1c: [io  0x0376]
[    0.994826] pci 0000:00:07.0: quirk: [io  0x4000-0x403f] claimed by PIIX4 ACPI
[    0.996063] pci 0000:00:07.0: quirk: [io  0x4100-0x410f] claimed by PIIX4 SMB
[    1.016859] ACPI: PCI Interrupt Link [LNKA] (IRQs 5 9 10 *11)
[    1.028746] ACPI: PCI Interrupt Link [LNKB] (IRQs 5 9 *10 11)
[    1.037404] ACPI: PCI Interrupt Link [LNKC] (IRQs 5 *9 10 11)
[    1.045067] ACPI: PCI Interrupt Link [LNKD] (IRQs 5 9 10 *11)
[    1.057133] ACPI: Enabled 2 GPEs in block 00 to 07
[    1.060255] vgaarb: setting as boot device: PCI:0000:00:02.0
[    1.064000] vgaarb: device added: PCI:0000:00:02.0,decodes=io+mem,owns=io+mem,locks=none
[    1.064009] vgaarb: loaded
[    1.068004] vgaarb: bridge control possible 0000:00:02.0
[    1.072563] SCSI subsystem initialized
[    1.076273] ACPI: bus type USB registered
[    1.080049] usbcore: registered new interface driver usbfs
[    1.084052] usbcore: registered new interface driver hub
[    1.092022] usbcore: registered new device driver usb
[    1.100800] PCI: Using ACPI for IRQ routing
[    1.105261] NetLabel: Initializing
[    1.108005] NetLabel:  domain hash size = 128
[    1.112003] NetLabel:  protocols = UNLABELED CIPSOv4
[    1.116024] NetLabel:  unlabeled traffic allowed by default
[    1.120214] amd_nb: Cannot enumerate AMD northbridges
[    1.124367] clocksource: Switched to clocksource kvm-clock
[    1.155260] AppArmor: AppArmor Filesystem Enabled
[    1.155260] pnp: PnP ACPI init
[    1.155260] pnp: PnP ACPI: found 3 devices
[    1.247794] clocksource: acpi_pm: mask: 0xffffff max_cycles: 0xffffff, max_idle_ns: 2085701024 ns
[    1.259974] NET: Registered protocol family 2
[    1.267517] TCP established hash table entries: 8192 (order: 4, 65536 bytes)
[    1.278253] TCP bind hash table entries: 8192 (order: 5, 131072 bytes)
[    1.287857] TCP: Hash tables configured (established 8192 bind 8192)
[    1.297613] UDP hash table entries: 512 (order: 2, 16384 bytes)
[    1.305949] UDP-Lite hash table entries: 512 (order: 2, 16384 bytes)
[    1.315575] NET: Registered protocol family 1
[    1.327727] pci 0000:00:00.0: Limiting direct PCI/PCI transfers
[    1.340479] pci 0000:00:01.0: Activating ISA DMA hang workarounds
[    1.353850] Unpacking initramfs...
[    1.564074] Freeing initrd memory: 14888K
[    1.867875] clocksource: tsc: mask: 0xffffffffffffffff max_cycles: 0x23fa754787d, max_idle_ns: 440795210092 ns
[    1.889366] platform rtc_cmos: registered platform RTC device (no PNP device found)
[    1.901073] Scanning for low memory corruption every 60 seconds
[    1.910910] audit: initializing netlink subsys (disabled)
[    1.919310] audit: type=2000 audit(1669885608.983:1): initialized
[    1.929126] Initialise system trusted keyring
[    1.938453] HugeTLB registered 2 MB page size, pre-allocated 0 pages
[    1.950502] zbud: loaded
[    1.956925] VFS: Disk quotas dquot_6.6.0
[    1.963378] VFS: Dquot-cache hash table entries: 512 (order 0, 4096 bytes)
[    1.974515] squashfs: version 4.0 (2009/01/31) Phillip Lougher
[    1.984391] fuse init (API version 7.23)
[    1.991486] Key type big_key registered
[    1.998502] Allocating IMA MOK and blacklist keyrings.
[    2.017228] Key type asymmetric registered
[    2.023459] Asymmetric key parser 'x509' registered
[    2.031282] Block layer SCSI generic (bsg) driver version 0.4 loaded (major 249)
[    2.043726] io scheduler noop registered
[    2.050472] io scheduler deadline registered (default)
[    2.059947] io scheduler cfq registered
[    2.066110] pci_hotplug: PCI Hot Plug PCI Core version: 0.5
[    2.074152] pciehp: PCI Express Hot Plug Controller Driver version: 0.4
[    2.083906] ACPI: AC Adapter [AC] (on-line)
[    2.090408] input: Power Button as /devices/LNXSYSTM:00/LNXPWRBN:00/input/input0
[    2.101257] ACPI: Power Button [PWRF]
[    2.106912] input: Sleep Button as /devices/LNXSYSTM:00/LNXSLPBN:00/input/input1
[    2.117530] ACPI: Sleep Button [SLPF]
[    2.124888] GHES: HEST is not enabled!
[    2.131130] Serial: 8250/16550 driver, 32 ports, IRQ sharing enabled
[    2.181117] 00:02: ttyS0 at I/O 0x3f8 (irq = 4, base_baud = 115200) is a 16550A
[    2.195946] Linux agpgart interface v0.103
[    2.213704] loop: module loaded
[    2.222832] scsi host0: ata_piix
[    2.230889] scsi host1: ata_piix
[    2.236540] ata1: PATA max UDMA/33 cmd 0x1f0 ctl 0x3f6 bmdma 0xd000 irq 14
[    2.246438] ata2: PATA max UDMA/33 cmd 0x170 ctl 0x376 bmdma 0xd008 irq 15
[    2.256966] libphy: Fixed MDIO Bus: probed
[    2.264105] tun: Universal TUN/TAP device driver, 1.6
[    2.272179] tun: (C) 1999-2004 Max Krasnyansky <maxk@qualcomm.com>
[    2.282876] PPP generic driver version 2.4.2
[    2.290567] ehci_hcd: USB 2.0 'Enhanced' Host Controller (EHCI) Driver
[    2.300528] ehci-pci: EHCI PCI platform driver
[    2.307598] ehci-platform: EHCI generic platform driver
[    2.316401] ohci_hcd: USB 1.1 'Open' Host Controller (OHCI) Driver
[    2.326023] ohci-pci: OHCI PCI platform driver
[    2.333902] ohci-platform: OHCI generic platform driver
[    2.342001] uhci_hcd: USB Universal Host Controller Interface driver
[    2.351011] i8042: PNP: PS/2 Controller [PNP0303:PS2K,PNP0f03:PS2M] at 0x60,0x64 irq 1,12
[    2.369166] serio: i8042 KBD port at 0x60,0x64 irq 1
[    2.377159] serio: i8042 AUX port at 0x60,0x64 irq 12
[    2.385063] mousedev: PS/2 mouse device common for all mice
[    2.397760] input: AT Translated Set 2 keyboard as /devices/platform/i8042/serio0/input/input2
[    2.399416] rtc_cmos rtc_cmos: rtc core: registered rtc_cmos as rtc0
[    2.400490] rtc_cmos rtc_cmos: alarms up to one day, 114 bytes nvram
[    2.400500] i2c /dev entries driver
[    2.400614] device-mapper: uevent: version 1.0.3
[    2.400734] device-mapper: ioctl: 4.34.0-ioctl (2015-10-28) initialised: dm-devel@redhat.com
[    2.400768] ledtrig-cpu: registered to indicate activity on CPUs
[    2.401220] NET: Registered protocol family 10
[    2.412508] NET: Registered protocol family 17
[    2.412519] Key type dns_resolver registered
[    2.412866] registered taskstats version 1
[    2.412879] Loading compiled-in X.509 certificates
[    2.413528] Loaded X.509 cert 'Build time autogenerated kernel key: cf00e047681d67edb2720680708b7d9498083038'
[    2.413554] zswap: loaded using pool lzo/zbud
[    2.426540] Key type trusted registered
[    2.431041] Key type encrypted registered
[    2.431049] AppArmor: AppArmor sha1 policy hashing enabled
[    2.431052] ima: No TPM chip found, activating TPM-bypass!
[    2.431056] ima: Allocated hash algorithm: sha1
[    2.431067] evm: HMAC attrs: 0x1
[    2.432396]   Magic number: 2:130:120
[    2.432400] misc device-mapper: hash matches
[    2.437761] rtc_cmos rtc_cmos: setting system clock to 2022-12-01 09:06:45 UTC (1669885605)
[    2.437903] BIOS EDD facility v0.16 2004-Jun-25, 0 devices found
[    2.437903] EDD information not available.
[    2.623551] Freeing unused kernel memory: 1492K
[    2.644372] Write protecting the kernel read-only data: 14336k
[    2.654885] Freeing unused kernel memory: 1584K
[    2.662816] Freeing unused kernel memory: 52K
Loading, please wait...
starting version 229
[    2.713376] random: systemd-udevd: uninitialized urandom read (16 bytes read, 5 bits of entropy available)
[    2.714560] random: udevadm: uninitialized urandom read (16 bytes read, 5 bits of entropy available)
[    2.714579] random: udevadm: uninitialized urandom read (16 bytes read, 5 bits of entropy available)
[    2.730444] random: udevadm: uninitialized urandom read (16 bytes read, 5 bits of entropy available)
[    2.730510] random: udevadm: uninitialized urandom read (16 bytes read, 5 bits of entropy available)
[    2.730760] random: udevadm: uninitialized urandom read (16 bytes read, 5 bits of entropy available)
[    2.730821] random: udevadm: uninitialized urandom read (16 bytes read, 5 bits of entropy available)
[    2.730887] random: udevadm: uninitialized urandom read (16 bytes read, 5 bits of entropy available)
[    2.731056] random: udevadm: uninitialized urandom read (16 bytes read, 5 bits of entropy available)
[    2.731111] random: udevadm: uninitialized urandom read (16 bytes read, 5 bits of entropy available)
[    2.899430] e1000: Intel(R) PRO/1000 Network Driver - version 7.3.21-k8-NAPI
[    2.909799] e1000: Copyright (c) 1999-2006 Intel Corporation.
[    2.925105] Fusion MPT base driver 3.04.20
[    2.928293] Copyright (c) 1999-2008 LSI Corporation
[    3.004435] Fusion MPT SPI Host driver 3.04.20
[    3.659794] input: ImExPS/2 Generic Explorer Mouse as /devices/platform/i8042/serio1/input/input5
[    3.811057] e1000 0000:00:03.0 eth0: (PCI:33MHz:32-bit) 02:be:82:6b:cc:1d
[    3.820410] e1000 0000:00:03.0 eth0: Intel(R) PRO/1000 Network Connection
[    4.713313] e1000 0000:00:08.0 eth1: (PCI:33MHz:32-bit) 08:00:27:7c:2a:04
[    4.722811] e1000 0000:00:08.0 eth1: Intel(R) PRO/1000 Network Connection
[    4.736940] e1000 0000:00:03.0 enp0s3: renamed from eth0
[    4.751605] mptbase: ioc0: Initiating bringup
[    4.768777] e1000 0000:00:08.0 enp0s8: renamed from eth1
[    4.837955] ioc0: LSI53C1030 A0: Capabilities={Initiator}
[    5.453625] scsi host2: ioc0: LSI53C1030 A0, FwRev=00000000h, Ports=1, MaxQ=256, IRQ=20
[    5.776966] scsi 2:0:0:0: Direct-Access     VBOX     HARDDISK         1.0  PQ: 0 ANSI: 5
[    5.789971] scsi target2:0:0: Beginning Domain Validation
[    5.812884] scsi target2:0:0: Domain Validation skipping write tests
[    5.821500] scsi target2:0:0: Ending Domain Validation
[    5.829607] scsi target2:0:0: asynchronous
[    5.840398] scsi 2:0:1:0: Direct-Access     VBOX     HARDDISK         1.0  PQ: 0 ANSI: 5
[    5.844272] scsi target2:0:1: Beginning Domain Validation
[    5.872522] scsi target2:0:1: Domain Validation skipping write tests
[    5.881115] scsi target2:0:1: Ending Domain Validation
[    5.889047] scsi target2:0:1: asynchronous
[    5.934851] sd 2:0:0:0: Attached scsi generic sg0 type 0
[    5.943746] sd 2:0:0:0: [sda] 83886080 512-byte logical blocks: (42.9 GB/40.0 GiB)
[    5.960685] sd 2:0:1:0: Attached scsi generic sg1 type 0
[    5.960903] sd 2:0:1:0: [sdb] 20480 512-byte logical blocks: (10.5 MB/10.0 MiB)
[    5.961943] sd 2:0:1:0: [sdb] Write Protect is off
[    5.962581] sd 2:0:1:0: [sdb] Incomplete mode parameter data
[    5.962582] sd 2:0:1:0: [sdb] Assuming drive cache: write through
[    5.966494] sd 2:0:0:0: [sda] Write Protect is off
[    5.967213] sd 2:0:0:0: [sda] Incomplete mode parameter data
[    5.967214] sd 2:0:0:0: [sda] Assuming drive cache: write through
[    5.971792] sd 2:0:1:0: [sdb] Attached SCSI disk
[    5.975169]  sda: sda1
[    5.978142] sd 2:0:0:0: [sda] Attached SCSI disk
Begin: Loading essential drivers ... [    7.928915] md: linear personality registered for level -1
[    7.943869] md: multipath personality registered for level -4
[    7.957736] md: raid0 personality registered for level 0
[    7.988364] md: raid1 personality registered for level 1
[    8.554763] raid6: sse2x1   gen() 79631 MB/s
[   10.558099] raid6: sse2x1   xor() 100437 MB/s
[   12.555796] raid6: sse2x2   gen() 170192 MB/s
[   13.633569] raid6: sse2x2   xor()  7975 MB/s
[   13.718798] raid6: sse2x4   gen() 12488 MB/s
[   13.793716] raid6: sse2x4   xor()  8299 MB/s
[   13.801644] raid6: using algorithm sse2x2 gen() 170192 MB/s
[   13.810969] raid6: .... xor() 7975 MB/s, rmw enabled
[   13.818933] raid6: using ssse3x2 recovery algorithm
[   13.832934] xor: measuring software checksum speed
[   13.876574]    prefetch64-sse: 15939.000 MB/sec
[   13.920505]    generic_sse: 14577.000 MB/sec
[   13.927040] xor: using function: prefetch64-sse (15939.000 MB/sec)
[   13.938937] async_tx: api initialized (async)
[   14.013087] md: raid6 personality registered for level 6
[   14.022059] md: raid5 personality registered for level 5
[   14.030214] md: raid4 personality registered for level 4
[   14.070636] md: raid10 personality registered for level 10
done.
Begin: Running /scripts/init-premount ... done.
Begin: Mounting root file system ... Begin: Running /scripts/local-top ... done.
Begin: Running /scripts/local-premount ... [   14.200581] Btrfs loaded
Scanning for Btrfs filesystems
done.
Warning: fsck not present, so skipping root file system
[   14.299337] EXT4-fs (sda1): mounted filesystem with ordered data mode. Opts: (null)
done.
Begin: Running /scripts/local-bottom ... done.
Begin: Running /scripts/init-bottom ... done.
[   14.607230] systemd[1]: systemd 229 running in system mode. (+PAM +AUDIT +SELINUX +IMA +APPARMOR +SMACK +SYSVINIT +UTMP +LIBCRYPTSETUP +GCRYPT +GNUTLS +ACL +XZ -LZ4 +SECCOMP +BLKID +ELFUTILS +KMOD -IDN)
[   14.632472] systemd[1]: Detected virtualization oracle.
[   14.641508] systemd[1]: Detected architecture x86-64.

Welcome to [1mUbuntu 16.04.7 LTS[0m!

[   14.667956] systemd[1]: Set hostname to <ubuntu>.
[   14.685197] systemd[1]: Initializing machine ID from random generator.
[   14.694725] systemd[1]: Installed transient /etc/machine-id file.
[   14.984035] systemd[1]: Reached target System Time Synchronized.
[[0;32m  OK  [0m] Reached target System Time Synchronized.
[   15.005115] systemd[1]: Started Trigger resolvconf update for networkd DNS.
[[0;32m  OK  [0m] Started Trigger resolvconf update for networkd DNS.
[   15.028965] systemd[1]: Listening on fsck to fsckd communication Socket.
[[0;32m  OK  [0m] Listening on fsck to fsckd communication Socket.
[   15.057659] systemd[1]: Reached target Swap.
[[0;32m  OK  [0m] Reached target Swap.
[   15.073947] systemd[1]: Listening on /dev/initctl Compatibility Named Pipe.
[[0;32m  OK  [0m] Listening on /dev/initctl Compatibility Named Pipe.
[   15.096524] systemd[1]: Started Forward Password Requests to Wall Directory Watch.
[[0;32m  OK  [0m] Started Forward Password Requests to Wall Directory Watch.
[   15.120695] systemd[1]: Listening on LVM2 poll daemon socket.
[[0;32m  OK  [0m] Listening on LVM2 poll daemon socket.
[   15.141994] systemd[1]: Created slice User and Session Slice.
[[0;32m  OK  [0m] Created slice User and Session Slice.
[   15.162569] systemd[1]: Listening on LVM2 metadata daemon socket.
[[0;32m  OK  [0m] Listening on LVM2 metadata daemon socket.
[   15.186302] systemd[1]: Listening on Journal Socket.
[[0;32m  OK  [0m] Listening on Journal Socket.
[   15.205533] systemd[1]: Reached target User and Group Name Lookups.
[[0;32m  OK  [0m] Reached target User and Group Name Lookups.
[   15.227940] systemd[1]: Listening on Syslog Socket.
[[0;32m  OK  [0m] Listening on Syslog Socket.
[   15.246936] systemd[1]: Listening on Journal Socket (/dev/log).
[[0;32m  OK  [0m] Listening on Journal Socket (/dev/log).
[   15.267970] systemd[1]: Listening on Journal Audit Socket.
[[0;32m  OK  [0m] Listening on Journal Audit Socket.
[   15.288359] systemd[1]: Created slice System Slice.
[[0;32m  OK  [0m] Created slice System Slice.
[   15.316468] systemd[1]: Starting Set console keymap...
         Starting Set console keymap...
[   15.338060] systemd[1]: Mounting Huge Pages File System...
         Mounting Huge Pages File System...
[   15.356536] systemd[1]: Starting Uncomplicated firewall...
         Starting Uncomplicated firewall...
[   15.381718] systemd[1]: Reached target Slices.
[[0;32m  OK  [0m] Reached target Slices.
[   15.398785] systemd[1]: Created slice system-serial\x2dgetty.slice.
[[0;32m  OK  [0m] Created slice system-serial\x2dgetty.slice.
[   15.440898] systemd[1]: Mounting POSIX Message Queue File System...
         Mounting POSIX Message Queue File System...
[   15.460164] systemd[1]: Starting Nameserver information manager...
         Starting Nameserver information manager...
[   15.486206] systemd[1]: Mounting Debug File System...
         Mounting Debug File System...
[   15.506389] systemd[1]: Starting Load Kernel Modules...
         Starting Load Kernel Modules...
[   15.530073] systemd[1]: Starting Create list of required static device nodes for the current kernel...
[   15.548700] Loading iSCSI transport class v2.0-870.
         Starting Create list of required st... nodes for the current kernel...
[   15.563920] systemd[1]: Starting Journal Service...
[   15.577127] random: nonblocking pool is initialized
         Starting Journal Service...
[   15.598822] iscsi: registered transport (tcp)
[   15.605572] systemd[1]: Set up automount Arbitrary Executable File Formats File System Automount Point.
[[0;32m  OK  [0m] Set up automount Arbitrary Executab...ats File System Automount Point.
[   15.659394] systemd[1]: Starting File System Check on Root Device...
         Starting File System Check on Root Device...
[   15.687352] systemd[1]: Listening on Device-mapper event daemon FIFOs.
[[0;32m  OK  [0m] Listening on Device-mapper event daemon FIFOs.
[   15.716428] systemd[1]: Starting Monitoring of LVM2 mirrors, snapshots etc. using dmeventd or progress polling...
         Starting Monitoring of LVM2 mirrors... dmeventd or progress polling...
[   15.748417] systemd[1]: Listening on udev Control Socket.
[[0;32m  OK  [0m] Listening on udev Control Socket.
[   15.789757] systemd[1]: Reached target Encrypted Volumes.
[[0;32m  OK  [0m] Reached target Encrypted Volumes.
[   15.823922] systemd[1]: Listening on udev Kernel Socket.
[[0;32m  OK  [0m] Listening on udev Kernel Socket.
[   15.858071] iscsi: registered transport (iser)
[   15.866573] systemd[1]: Mounted Huge Pages File System.
[[0;32m  OK  [0m] Mounted Huge Pages File System.
[   15.884496] systemd[1]: Mounted POSIX Message Queue File System.
[[0;32m  OK  [0m] Mounted POSIX Message Queue File System.
[   15.905207] systemd[1]: Mounted Debug File System.
[[0;32m  OK  [0m] Mounted Debug File System.
[   15.923357] systemd[1]: Started Journal Service.
[[0;32m  OK  [0m] Started Journal Service.
[[0;32m  OK  [0m] Started Set console keymap.
[[0;32m  OK  [0m] Started Uncomplicated firewall.
[[0;32m  OK  [0m] Started Load Kernel Modules.
[[0;32m  OK  [0m] Started Create list of required sta...ce nodes for the current kernel.
[[0;32m  OK  [0m] Started File System Check on Root Device.
[[0;32m  OK  [0m] Started Nameserver information manager.
[[0;32m  OK  [0m] Started LVM2 metadata daemon.
[[0;32m  OK  [0m] Started File System Check Daemon to report status.
[   16.063437] EXT4-fs (sda1): re-mounted. Opts: (null)
         Starting Remount Root and Kernel File Systems...
         Starting Create Static Device Nodes in /dev...
         Starting Apply Kernel Variables...
         Mounting FUSE Control File System...
[[0;32m  OK  [0m] Started Remount Root and Kernel File Systems.
[[0;32m  OK  [0m] Mounted FUSE Control File System.
         Starting udev Coldplug all Devices...
         Starting Load/Save Random Seed...
         Starting Flush Journal to Persistent Storage...
[[0;32m  OK  [0m] Started Create Static Device Nodes in /dev.
[[0;32m  OK  [0m] Started Apply Kernel Variables.
[[0;32m  OK  [0m] Started Load/Save Random Seed.
         Starting udev Kernel Device Manager...
[[0;32m  OK  [0m] Started Flush Journal to Persistent Storage.
[[0;32m  OK  [0m] Started udev Coldplug all Devices.
[[0;32m  OK  [0m] Started udev Kernel Device Manager.
[[0;32m  OK  [0m] Started Dispatch Password Requests to Console Directory Watch.
[[0;32m  OK  [0m] Started Monitoring of LVM2 mirrors,...ng dmeventd or progress polling.
[[0;32m  OK  [0m] Reached target Local File Systems (Pre).
[[0;32m  OK  [0m] Reached target Local File Systems.
         Starting Initial cloud-init job (pre-networking)...
         Starting Commit a transient machine-id on disk...
         Starting Tell Plymouth To Write Out Runtime Data...
         Starting LSB: AppArmor initialization...
         Starting Create Volatile Files and Directories...
         Starting Set console font and keymap...
[[0;32m  OK  [0m] Started Tell Plymouth To Write Out Runtime Data.
[[0;32m  OK  [0m] Started Commit a transient machine-id on disk.
[[0;32m  OK  [0m] Found device /dev/ttyS0.
[[0;32m  OK  [0m] Started Create Volatile Files and Directories.
         Starting Update UTMP about System Boot/Shutdown...
[[0;32m  OK  [0m] Started Update UTMP about System Boot/Shutdown.
[[0;32m  OK  [0m] Listening on Load/Save RF Kill Switch Status /dev/rfkill Watch.
[[0;32m  OK  [0m] Started LSB: AppArmor initialization.
         Starting Load AppArmor profiles managed internally by snapd...
[[0;32m  OK  [0m] Started Load AppArmor profiles managed internally by snapd.
[   18.893583] cloud-init[487]: Cloud-init v. 21.1-19-gbad84ad4-0ubuntu1~16.04.2 running 'init-local' at Thu, 01 Dec 2022 09:07:01 +0000. Up 18.35 seconds.
[[0;32m  OK  [0m] Started Initial cloud-init job (pre-networking).
[[0;32m  OK  [0m] Reached target Network (Pre).
         Starting Raise network interfaces...
[[0;32m  OK  [0m] Started Set console font and keymap.
[[0;32m  OK  [0m] Created slice system-getty.slice.
[[0;32m  OK  [0m] Started Raise network interfaces.
         Starting Initial cloud-init job (metadata service crawler)...
[[0;32m  OK  [0m] Reached target Network.
[   21.421985] cloud-init[944]: Cloud-init v. 21.1-19-gbad84ad4-0ubuntu1~16.04.2 running 'init' at Thu, 01 Dec 2022 09:07:03 +0000. Up 20.73 seconds.
[   21.435073] cloud-init[944]: ci-info: ++++++++++++++++++++++++++++++++++++++Net device info+++++++++++++++++++++++++++++++++++++++
[   21.449211] cloud-init[944]: ci-info: +--------+-------+----------------------------+---------------+--------+-------------------+
[   21.462923] cloud-init[944]: ci-info: | Device |   Up  |          Address           |      Mask     | Scope  |     Hw-Address    |
[   21.476621] [[0;32m  OK  [0m] Started Initial cloud-init job (metadata service crawler).
[[0;32m  OK  [0m] Reached target Network is Online.
cloud-init[944]: ci-info: +--------+-------+----------------------------+---------------+--------+-------------------+
[   21.496907]          Starting iSCSI initiator daemon (iscsid)...
[[0;32m  OK  [0m] Reached target Cloud-config availability.
[[0;32m  OK  [0m] Reached target System Initialization.
cloud-init         Starting LXD - unix socket.
[[0;32m  OK  [0m] Started Daily Cleanup of Temporary Directories.
[[0;32m  OK  [0m] Started Message of the Day.
[[0;32m  OK  [0m] Listening on UUID daemon activation socket.
[[0;32m  OK  [0m] Listening on ACPID Listen Socket.
[[0;32m  OK  [0m] Started Ubuntu Advantage update messaging.
[[0;32m  OK  [0m] Started Daily apt download activities.
[[0;32m  OK  [0m] Started Daily apt upgrade and clean activities.
[[0;32m  OK  [0m] Reached target Timers.
         Starting Socket activation for snappy daemon.
[944]: ci-info: | enp0s3 |  True |         10.0.2.15          | 255.255.255.0 | global | 02:be:82:6b:cc:1d |
[[0;32m  OK  [0m] Started ACPI Events Check.
[[0;32m  OK  [0m] Reached target Paths.
[[0;32m  OK  [0m] Listening on D-Bus System Message Bus Socket.
[   21.548419] cloud-init[944]: ci-info: | enp0s3 |  True | fe80::be:82ff:fe6b:cc1d/64 |       .       |  link  | 02:be:82:6b:cc:1d |
[   21.577319] cloud-init[944]: ci-info: | enp0s8 | False |             .              |       .       |   .    | 08:00:27:7c:2a:04 |
[   21.586119] cloud-init[944]: ci-info: |   lo   |  True |         127.0.0.1          |   255.0.0.0   |  host  |         .         |
[   21.594064] cloud-init[944]: ci-info: |   lo   |  True |          ::1/128           |       .       |  host  |         .         |
[[0;32m  OK  [0m] Listening on LXD - unix socket.
[[0;32m  OK  [0m] Listening on Socket activation for snappy daemon.
[[0;32m  OK  [0m] Reached target Sockets.
[[0;32m  OK  [0m] Reached target Basic System.
[   21.602707] cloud-init[944]: ci-info: +--------+-------+----------------------------+---------------+--------+-------------------+
[[0;32m  OK  [0m] Started Regular background program processing daemon.
[   21.627536] cloud-init[944]: ci-info: +++++++++++++++++++++++++++Route IPv4 info++++++++++++++++++++++++++++
[   21.649266] cloud-init[944]: ci-info: +-------+-------------+----------+---------------+-----------+-------+
[   21.649399] cloud-init[944]: ci-info: | Route | Destination | Gateway  |    Genmask    | Interface | Flags |
[   21.649489] cloud-init[944]: ci-info: +-------+-------------+----------+---------------+-----------+-------+
[   21.649534] cloud-init[944]: ci-info: |   0   |   0.0.0.0   | 10.0.2.2 |    0.0.0.0    |   enp0s3  |   UG  |
[   21.649572] cloud-init[944]: ci-info: |   1   |   10.0.2.0  | 0.0.0.0  | 255.255.255.0 |   enp0s3  |   U   |
[   21.649609] cloud-init[944]: ci-info: +-------+-------------+----------+---------------+-----------+-------+
[   21.650232] cloud-init[944]: ci-info: +++++++++++++++++++Route IPv6 info+++++++++++++++++++
[   21.650783] cloud-init[944]: ci-info: +-------+-------------+---------+-----------+-------+
[   21.651432] cloud-init[944]: ci-info: | Route | Destination | Gateway | Interface | Flags |
         Starting Pollinate to seed the pseudo random number generator...
         Starting System Logging Service...
         Starting LSB: MD monitoring daemon...
[   21.651979] cloud-init[944]: ci-info: +-------+-------------+---------+-----------+-------+
[   21.709204]          Starting LSB: Record successful boot for GRUB...
[[0;32m  OK  [0m] Started D-Bus System Message Bus.
cloud-init[944]: ci-info: |   0   |  fe80::/64  |    ::   |   enp0s3  |   U   |
[   21.728771] cloud-init[944]: ci-info: |   3   |   ff00::/8  |    ::   |   enp0s3  |   U   |
[   21.741543] cloud-init[944]: ci-info: +-------+-------------+---------+-----------+-------+
[   21.757505] cloud-init[944]: Generating public/private rsa key pair.
[   21.773138] cloud-init[944]: Your identification has been saved in /etc/ssh/ssh_host_rsa_key.
[   21.791745] cloud-init[944]: Your public key has been saved in /etc/ssh/ssh_host_rsa_key.pub.
[   21.803966] cloud-init[944]: The key fingerprint is:
[   21.814274] cloud-init[944]:          Starting Login Service...
         Starting Snap Daemon...
         Starting Virtualbox guest utils...
[[0;32m  OK  [0m] Started FUSE filesystem for LXC.
         Starting Accounts Service...
[[0;32m  OK  [0m] Started Deferred execution scheduler.
[[0;32m  OK  [0m] Started ACPI event daemon.
         Starting /etc/rc.local Compatibility...
SHA256:jOce1LR9KyzF1D1qwr0zYqbMm7MqDuPli8gSr3VfJ8k root@ubuntu-xenial
         Starting LXD - container startup/shutdown...
[[0;32m  OK  [0m] Started System Logging Service.
[[0;32m  OK  [0m] Started iSCSI initiator daemon (iscsid).
[   21.891185] cloud-init[944]: The key's randomart image is:
[[0;32m  OK  [0m] Started /etc/rc.local Compatibility.
[   21.940896] cloud-init[944]: +---[RSA 2048]----+
[   21.995125] cloud-init[944]: |                 |
[   22.045561] cloud-init         Starting Login to default iSCSI targets...[944]: 
[[0;32m  OK  [0m] Started Login Service.|             . . |

[   22.160329] cloud-init[944]: |          . . ...|
         Starting Authenticate and Authorize Users to Run Privileged Tasks...
[   22.195359] cloud-init[944]: |       o o.=. . .|
[   22.229741] cloud-init[944]: |      . S oo++.  |
[[0;32m  OK  [0m] [   22.269364] Started Unattended Upgrades Shutdown.
[[0;32m  OK  [0mcloud-init[944]: ] Started LSB: MD monitoring daemon.
|.      = . oo... |
[[0;32m  OK  [0m] Started LSB: Record successful boot for GRUB.
[   22.366848] cloud-init[944]: | o.o..  E o+o+.  |
[   22.438766] cloud-init[944]: |o.+.*o oo==...o  |
[[0;32m  OK  [0m] Started LXD - container startup/shutdown.[   22.481884] cloud-init
[[0;32m  OK  [0m] Started Login to default iSCSI targets.[944]: |o+ o.++.oB+      |
[[0;32m  OK  [0m] 
Started Authenticate and Authorize Users to Run Privileged Tasks.
[[0;32m  OK  [0m] Started Accounts Service.
[[0;32m  OK  [0m] Reached target Remote File Systems (Pre).
[[0;32m  OK  [0m] Reached target Remote File Systems.
[   22.539607] cloud-init         Starting LSB: automatic crash report generation...
         Starting LSB: daemon to balance interrupts for SMP systems...
[944]:          Starting Permit User Sessions...
         Starting LSB: Set the CPU Frequency Scaling governor to "ondemand"...
+----[SHA256]-----+
[   22.574258] cloud-init[[0;32m  OK  [0m] Started Permit User Sessions.
         Starting Hold until boot process finishes up...
         Starting Terminate Plymouth Boot Screen...
[[0;32m  OK  [0m] Started Hold until boot process finishes up.
[[0;32m  OK  [0m] Started Serial Getty on ttyS0.
         Starting Set console scheme...
[944]: Generating public/private dsa key pair.
[[0;32m  OK  [0m] Started Getty on tty1.
[[0;32m  OK  [0m] Reached target Login Prompts.
[   22.612663] [[0;32m  OK  [0m] Started Terminate Plymouth Boot Screen.
cloud-init[944]: Your identification has been saved in /etc/ssh/ssh_host_dsa_key.[[0;32m  OK  [0m] Started Set console scheme.

[   22.670542] cloud-init[944]: Your public key has been saved in /etc/ssh/ssh_host_dsa_key.pub.
[[0;32m  OK  [0m] [   22.754772] cloud-init[944]: Started LSB: Set the CPU Frequency Scaling governor to "ondemand".
The key fingerprint is:
[   22.786413] cloud-init[944]: SHA256:r5J6mwX4tfotgq1ZweJJbQRWy4xbjrtpN5WOlV1ivQA root@ubuntu-xenial
[[0;32m  OK  [0m] Started LSB: automatic crash report generation.
[   22.801802] cloud-init[944]: The key's randomart image is:
[[0;32m  OK  [0m] Started Virtualbox guest utils.
[   22.861669] cloud-init[944]: +---[DSA 1024]----+
[   22.877208] cloud-init[944]: |    o..          |
[[0;32m  OK  [0m] Started LSB: daemon to balance interrupts for SMP systems.
[   22.886516] cloud-init[944]: |   . = .E        |
[   22.911162] cloud-init[944]: |    . *  . .     |
[   22.930055] cloud-init[944]: |     X    + o    |
[   22.941883] cloud-init[944]: |    * B S= + .   |
[   22.957464] cloud-init[944]: |   o * +=o. .    |
[   22.971799] cloud-init[944]: |    +oo*o .      |
[   22.986710] cloud-init[944]: |    o=X+oo       |
[   22.997687] cloud-init[944]: |   .*=+*o..      |
[   23.013019] cloud-init[944]: +----[SHA256]-----+
[   23.025483] cloud-init[944]: Generating public/private ecdsa key pair.
[   23.054068] cloud-init[944]: Your identification has been saved in /etc/ssh/ssh_host_ecdsa_key.
[   23.078889] cloud-init[944]: Your public key has been saved in /etc/ssh/ssh_host_ecdsa_key.pub.
[   23.098930] cloud-init[944]: The key fingerprint is:
[   23.118354] cloud-init[944]: SHA256:ZYB+UIZrEhMkMXuKrYcT5By33Q2SToX4SWO03ZdaIQw root@ubuntu-xenial
[   23.140583] cloud-init[944]: The key's randomart image is:
[   23.164674] cloud-init[944]: +---[ECDSA 256]---+
[   23.178030] cloud-init[944]: |  +o=o.E*. .     |
[   23.194213] cloud-init[944]: [[0;32m  OK  [0m] Started Snap Daemon.
|   =o=O..o. o    |
[   23.264252]          Starting Wait until snapd is fully seeded...
cloud-init[944]: | o..=Oo= .o+     |
[   23.304794] cloud-init[944]: |+ooo*o* +o+      |
[   23.319416] cloud-init[944]: |ooo. = oSo       |
[   23.343340] cloud-init[944]: | +               |
[   23.362851] cloud-init[944]: |+ .              |
[   23.381623] cloud-init[944]: | o               |
[   23.408324] cloud-init[944]: |                 |
[   23.420390] cloud-init[944]: +----[SHA256]-----+
[   23.426154] cloud-init[944]: Generating public/private ed25519 key pair.
[   23.447545] cloud-init[944]: Your identification has been saved in /etc/ssh/ssh_host_ed25519_key.
[   23.472760] cloud-init[944]: Your public key has been saved in /etc/ssh/ssh_host_ed25519_key.pub.
[   23.507328] cloud-init[944]: The key fingerprint is:
[   23.634499] cloud-init[944]: SHA256:4eBKhPIFL5PS6yHZY4PoIZOqL4M1ZqTFOZg40p1YUbI root@ubuntu-xenial
[   23.699221] cloud-init[944]: The key's randomart image is:
[   23.781633] cloud-init[944]: +--[ED25519 256]--+
[   23.841475] cloud-init[944]: |  . oo.          |
[   23.926552] cloud-init[944]: | . =.o           |
[   23.967085] cloud-init[944]: |+=*=E.. .        |
[   23.987301] cloud-init[944]: |BOO*o. o .       |
[   24.006257] cloud-init[944]: |X*O.. . S        |
[   24.024589] cloud-init[944]: |==*= .           |
[   24.047063] cloud-init[944]: |o=...            |
[   24.066531] cloud-init[944]: |=                |
[   24.082232] cloud-init[944]: |.+.              |
[   24.097567] cloud-init[944]: +----[SHA256]-----+

Ubuntu 16.04.7 LTS ubuntu-xenial ttyS0

ubuntu-xenial login: [   31.658484] cloud-init[1285]: Generating locales (this might take a while)...
[   33.749723] cloud-init[1285]:   en_US.UTF-8... done
[   33.752757] cloud-init[1285]: Generation complete.
[   34.474018] cloud-init[1285]: Cloud-init v. 21.1-19-gbad84ad4-0ubuntu1~16.04.2 running 'modules:config' at Thu, 01 Dec 2022 09:07:14 +0000. Up 31.51 seconds.
ci-info: no authorized SSH keys fingerprints found for user ubuntu.
<14>Dec  1 09:07:18 ec2: 
<14>Dec  1 09:07:18 ec2: #############################################################
<14>Dec  1 09:07:18 ec2: -----BEGIN SSH HOST KEY FINGERPRINTS-----
<14>Dec  1 09:07:18 ec2: 1024 SHA256:r5J6mwX4tfotgq1ZweJJbQRWy4xbjrtpN5WOlV1ivQA root@ubuntu-xenial (DSA)
<14>Dec  1 09:07:18 ec2: 256 SHA256:ZYB+UIZrEhMkMXuKrYcT5By33Q2SToX4SWO03ZdaIQw root@ubuntu-xenial (ECDSA)
<14>Dec  1 09:07:18 ec2: 256 SHA256:4eBKhPIFL5PS6yHZY4PoIZOqL4M1ZqTFOZg40p1YUbI root@ubuntu-xenial (ED25519)
<14>Dec  1 09:07:18 ec2: 2048 SHA256:jOce1LR9KyzF1D1qwr0zYqbMm7MqDuPli8gSr3VfJ8k root@ubuntu-xenial (RSA)
<14>Dec  1 09:07:18 ec2: -----END SSH HOST KEY FINGERPRINTS-----
<14>Dec  1 09:07:18 ec2: #############################################################
-----BEGIN SSH HOST KEY KEYS-----
ecdsa-sha2-nistp256 AAAAE2VjZHNhLXNoYTItbmlzdHAyNTYAAAAIbmlzdHAyNTYAAABBBJoUmACJDD6sObuJWCj3IrQV++RBUZac7t/84+XTDYhbo0v/7iLf/n3+vsvJWN/fordEDmxaYfjULEbtK7LqRes= root@ubuntu-xenial
ssh-ed25519 AAAAC3NzaC1lZDI1NTE5AAAAIG4GUm8cxqfHuGef0mkw18J5s0Be9hDeyz9ZWO+1Kpf4 root@ubuntu-xenial
ssh-rsa AAAAB3NzaC1yc2EAAAADAQABAAABAQDRaOIhHCCupvtdkr+8HJp30XdkvZu7/UKGQ5S/C8HL8wX/NnmivRexaZLoBXGSjQWtSm1XT6WtVF7aywlgCOKI/dH3W2EH5LI+/moTgUgbhaFmbycSkvtfbGxuVZF0Se+xyH6mYzlLr/XBtJzG4LDp6wn+2RuK4+FP54417kUK2gbzQ3Fce0HnKlYKjh6rbDoJtxRUXCxzTA9W4QPWOtK6MrE69LXE50I0oHpmSle7lf0OhrXUrW+U+5GaKoG657OOk01RPmAIDC6rE8lnGuvBiEH/1Ur2X36L0MsZSfAWZhtjqXdTyRpXleSDDtfI35fqLgMZw/Rt5DGS8sRUX4EL root@ubuntu-xenial
-----END SSH HOST KEY KEYS-----
[   35.258943] cloud-init[1457]: Cloud-init v. 21.1-19-gbad84ad4-0ubuntu1~16.04.2 running 'modules:final' at Thu, 01 Dec 2022 09:07:18 +0000. Up 34.97 seconds.
[   35.281603] cloud-init[1457]: ci-info: no authorized SSH keys fingerprints found for user ubuntu.
[   35.281789] cloud-init[1457]: Cloud-init v. 21.1-19-gbad84ad4-0ubuntu1~16.04.2 finished at Thu, 01 Dec 2022 09:07:18 +0000. Datasource DataSourceNoCloud [seed=/dev/sdb][dsmode=net].  Up 35.21 seconds
